#
# A fatal error has been detected by the Java Runtime Environment:
#
#  EXCEPTION_ACCESS_VIOLATION (0xc0000005) at pc=0x00007ffc1cbe3fe3, pid=18076, tid=2764
#
# JRE version: Java(TM) SE Runtime Environment (17.0.10+11) (build 17.0.10+11-LTS-240)
# Java VM: Java HotSpot(TM) 64-Bit Server VM (17.0.10+11-LTS-240, mixed mode, sharing, tiered, compressed oops, compressed class ptrs, g1 gc, windows-amd64)
# Problematic frame:
# V  [jvm.dll+0x6a3fe3]
#
# No core dump will be written. Minidumps are not enabled by default on client versions of Windows
#
# If you would like to submit a bug report, please visit:
#   https://bugreport.java.com/bugreport/crash.jsp
#

---------------  S U M M A R Y ------------

Command Line: -Dcom.sun.management.jmxremote -Dcom.sun.management.jmxremote.port=51953 -Dcom.sun.management.jmxremote.authenticate=false -Dcom.sun.management.jmxremote.ssl=false -Dspring.jmx.enabled=true -Djava.rmi.server.hostname=localhost -Dspring.application.admin.enabled=true -Dspring.boot.project.name=cambios -XX:+ShowCodeDetailsInExceptionMessages -Dmanagement.endpoints.jmx.exposure.include=* com.binance.web.BinancebackendApplication

Host: AMD Ryzen 5 7530U with Radeon Graphics         , 12 cores, 15G,  Windows 11 , 64 bit Build 22621 (10.0.22621.5415)
Time: Thu Sep 18 14:25:41 2025 Hora est. Pacífico, Sudamérica elapsed time: 1316.885363 seconds (0d 0h 21m 56s)

---------------  T H R E A D  ---------------

Current thread (0x000001d294f92b10):  JavaThread "Service Thread" daemon [_thread_in_vm, id=2764, stack(0x000000d1a1400000,0x000000d1a1500000)]

Stack: [0x000000d1a1400000,0x000000d1a1500000],  sp=0x000000d1a14ff648,  free space=1021k
Native frames: (J=compiled Java code, j=interpreted, Vv=VM code, C=native code)
V  [jvm.dll+0x6a3fe3]


siginfo: EXCEPTION_ACCESS_VIOLATION (0xc0000005), reading address 0x000001d2d58fb7c0


Registers:
RAX=0x000001d2d58fb7b0, RBX=0x000001d2db7bc2f0, RCX=0x000001d2db7bc2f0, RDX=0x000001d294f6c9a0
RSP=0x000000d1a14ff648, RBP=0x000001d2db7bce90, RSI=0x000001d2de16adc0, RDI=0x000001d2da92d9d0
R8 =0x00000000000026cf, R9 =0x0000000000007fe8, R10=0x0000000000000001, R11=0x000000d1a14ff788
R12=0x0000000000000000, R13=0x000001d294f88118, R14=0x0000000000000050, R15=0x0000000000000020
RIP=0x00007ffc1cbe3fe3, EFLAGS=0x0000000000010206


Register to memory mapping:

RIP=0x00007ffc1cbe3fe3 jvm.dll
RAX=0x000001d2d58fb7b0 is an unknown value
RBX=0x000001d2db7bc2f0 points into unknown readable memory: 0x000001d2d58fb7b0 | b0 b7 8f d5 d2 01 00 00
RCX=0x000001d2db7bc2f0 points into unknown readable memory: 0x000001d2d58fb7b0 | b0 b7 8f d5 d2 01 00 00
RDX=0x000001d294f6c9a0 points into unknown readable memory: 0x6b646a5f00004ee9 | e9 4e 00 00 5f 6a 64 6b
RSP=0x000000d1a14ff648 is pointing into the stack for thread: 0x000001d294f92b10
RBP=0x000001d2db7bce90 points into unknown readable memory: 0x000001d2da90fff0 | f0 ff 90 da d2 01 00 00
RSI=0x000001d2de16adc0 points into unknown readable memory: 0x0000001400000000 | 00 00 00 00 14 00 00 00
RDI=0x000001d2da92d9d0 points into unknown readable memory: 0x000001d2090847e4 | e4 47 08 09 d2 01 00 00
R8 =0x00000000000026cf is an unknown value
R9 =0x0000000000007fe8 is an unknown value
R10=0x0000000000000001 is an unknown value
R11=0x000000d1a14ff788 is pointing into the stack for thread: 0x000001d294f92b10
R12=0x0 is NULL
R13=0x000001d294f88118 points into unknown readable memory: 0x000001d294f6cda0 | a0 cd f6 94 d2 01 00 00
R14=0x0000000000000050 is an unknown value
R15=0x0000000000000020 is an unknown value


Top of Stack: (sp=0x000000d1a14ff648)
0x000000d1a14ff648:   00007ffc1c7e1048 0000000000000000
0x000000d1a14ff658:   000000d1a14ff710 000000000000000d
0x000000d1a14ff668:   00007ffcb9921966 000001d2db7bc2f0
0x000000d1a14ff678:   00000000000026cf 000001d294f6c9a0
0x000000d1a14ff688:   0000000000013678 000001d2de16adc0
0x000000d1a14ff698:   00007ffc1cbaa562 0000000000007fe8
0x000000d1a14ff6a8:   00007ffcb9db23dd 000000d1a14ff760
0x000000d1a14ff6b8:   00007ffc1c87aff0 0000000000000000
0x000000d1a14ff6c8:   0000000000000204 0000000000000000
0x000000d1a14ff6d8:   00007ffc1c5ead20 000001d2eff7c3b0
0x000000d1a14ff6e8:   0000000000000000 0000000000007fe8
0x000000d1a14ff6f8:   000001d294f94000 0000000000000000
0x000000d1a14ff708:   0000000000000000 0000000000000000
0x000000d1a14ff718:   0000000000000000 0000000000000000
0x000000d1a14ff728:   0000000000000000 0000000000000000
0x000000d1a14ff738:   00000000000000a0 0000b2010865b3f1 

Instructions: (pc=0x00007ffc1cbe3fe3)
0x00007ffc1cbe3ee3:   ba 50 00 00 00 48 8d 4c 24 30 e8 de 45 fd ff 48
0x00007ffc1cbe3ef3:   8d 05 cf 44 21 00 48 8d 4c 24 68 48 89 44 24 30
0x00007ffc1cbe3f03:   e8 b8 6b ec ff 48 8d 05 61 da 47 00 c7 84 24 c0
0x00007ffc1cbe3f13:   00 00 00 02 00 00 00 48 8d 15 77 f5 2a 00 48 89
0x00007ffc1cbe3f23:   84 24 c8 00 00 00 48 8d 4c 24 30 e8 ad 5d fd ff
0x00007ffc1cbe3f33:   48 8b 0b 48 8d 54 24 30 e8 30 03 fc ff 48 8d 4c
0x00007ffc1cbe3f43:   24 30 e8 26 4e fd ff 48 8d 4c 24 30 e8 8c 6b ec
0x00007ffc1cbe3f53:   ff e8 a7 71 10 00 48 8b d0 48 8d 4c 24 28 4c 8b
0x00007ffc1cbe3f63:   c3 e8 17 81 14 00 4c 8b 44 24 28 8b d5 49 8b ce
0x00007ffc1cbe3f73:   e8 28 7c ca ff 48 8b f8 49 8b 46 08 49 8b 0c 07
0x00007ffc1cbe3f83:   48 89 4f 08 49 8d 4e 18 49 8b 46 08 49 89 3c 07
0x00007ffc1cbe3f93:   41 8b 46 14 ff c0 41 89 46 14 e8 1e 82 0b 00 48
0x00007ffc1cbe3fa3:   8b 4f 10 ff 15 c4 be 3f 00 48 8b b4 24 08 01 00
0x00007ffc1cbe3fb3:   00 48 8b c7 48 8b 8c 24 d0 00 00 00 48 33 cc e8
0x00007ffc1cbe3fc3:   c9 16 19 00 4c 8d 9c 24 e0 00 00 00 49 8b 5b 30
0x00007ffc1cbe3fd3:   49 8b 6b 38 49 8b e3 41 5f 41 5e 5f c3 48 8b 01
0x00007ffc1cbe3fe3:   48 8b 48 10 48 ff 25 3a bf 3f 00 cc cc 48 89 6c
0x00007ffc1cbe3ff3:   24 18 48 89 7c 24 20 41 56 48 83 ec 20 44 8b 49
0x00007ffc1cbe4003:   14 48 8b ea 44 8b 01 48 8d 15 1f f4 2a 00 4c 8b
0x00007ffc1cbe4013:   f1 48 8b cd e8 f4 5c fd ff 33 ff 41 39 3e 7e 5a
0x00007ffc1cbe4023:   48 89 5c 24 30 48 89 74 24 38 8b f7 90 49 8b 46
0x00007ffc1cbe4033:   08 48 8b 1c 06 48 85 db 74 2b 0f 1f 00 48 8b 4b
0x00007ffc1cbe4043:   10 ff 15 de be 3f 00 44 8b c7 48 8d 15 1c f4 2a
0x00007ffc1cbe4053:   00 4c 8b c8 48 8b cd e8 b1 5c fd ff 48 8b 5b 08
0x00007ffc1cbe4063:   48 85 db 75 d8 ff c7 48 83 c6 08 41 3b 3e 7c bd
0x00007ffc1cbe4073:   48 8b 74 24 38 48 8b 5c 24 30 48 8b 6c 24 40 48
0x00007ffc1cbe4083:   8b 7c 24 48 48 83 c4 20 41 5e c3 cc cc 48 89 5c
0x00007ffc1cbe4093:   24 08 57 48 83 ec 20 48 8b 1d 5f 8f 47 00 48 8b
0x00007ffc1cbe40a3:   f9 48 85 db 74 2a 48 8b cb e8 ef 56 fa ff c6 47
0x00007ffc1cbe40b3:   58 01 48 8b 0d 44 8f 47 00 e8 4f 57 fa ff 48 8b
0x00007ffc1cbe40c3:   cb 48 8b 5c 24 30 48 83 c4 20 5f e9 7d 58 fa ff
0x00007ffc1cbe40d3:   c6 41 58 01 48 8b 0d 22 8f 47 00 48 8b 5c 24 30 


Stack slot to memory mapping:
stack at sp + 0 slots: 0x00007ffc1c7e1048 jvm.dll
stack at sp + 1 slots: 0x0 is NULL
stack at sp + 2 slots: 0x000000d1a14ff710 is pointing into the stack for thread: 0x000001d294f92b10
stack at sp + 3 slots: 0x000000000000000d is an unknown value
stack at sp + 4 slots: 0x00007ffcb9921966 ucrtbase.dll
stack at sp + 5 slots: 0x000001d2db7bc2f0 points into unknown readable memory: 0x000001d2d58fb7b0 | b0 b7 8f d5 d2 01 00 00
stack at sp + 6 slots: 0x00000000000026cf is an unknown value
stack at sp + 7 slots: 0x000001d294f6c9a0 points into unknown readable memory: 0x6b646a5f00004ee9 | e9 4e 00 00 5f 6a 64 6b


---------------  P R O C E S S  ---------------

Threads class SMR info:
_java_thread_list=0x000001d2db84afb0, length=24, elements={
0x000001d294f7b1d0, 0x000001d294f7be50, 0x000001d294f90780, 0x000001d294f92150,
0x000001d294f92b10, 0x000001d294f944e0, 0x000001d294f95280, 0x000001d2da138140,
0x000001d294f9e0c0, 0x000001d294f67080, 0x000001d2da2b3bf0, 0x000001d2da89e910,
0x000001d2da88e5f0, 0x000001d2da88bd60, 0x000001d2dad29ab0, 0x000001d2dabcaec0,
0x000001d2da8ef140, 0x000001d2ddca5490, 0x000001d2ddca3b40, 0x000001d2ddc9f460,
0x000001d2ddca08a0, 0x000001d2ddc9e020, 0x000001d2dc36a6d0, 0x000001d2dc36ac20
}

Java Threads: ( => current thread )
  0x000001d294f7b1d0 JavaThread "Reference Handler" daemon [_thread_blocked, id=18636, stack(0x000000d1a1000000,0x000000d1a1100000)]
  0x000001d294f7be50 JavaThread "Finalizer" daemon [_thread_blocked, id=20148, stack(0x000000d1a1100000,0x000000d1a1200000)]
  0x000001d294f90780 JavaThread "Signal Dispatcher" daemon [_thread_blocked, id=12260, stack(0x000000d1a1200000,0x000000d1a1300000)]
  0x000001d294f92150 JavaThread "Attach Listener" daemon [_thread_blocked, id=18096, stack(0x000000d1a1300000,0x000000d1a1400000)]
=>0x000001d294f92b10 JavaThread "Service Thread" daemon [_thread_in_vm, id=2764, stack(0x000000d1a1400000,0x000000d1a1500000)]
  0x000001d294f944e0 JavaThread "Monitor Deflation Thread" daemon [_thread_blocked, id=19076, stack(0x000000d1a1500000,0x000000d1a1600000)]
  0x000001d294f95280 JavaThread "C2 CompilerThread0" daemon [_thread_blocked, id=16528, stack(0x000000d1a1600000,0x000000d1a1700000)]
  0x000001d2da138140 JavaThread "C1 CompilerThread0" daemon [_thread_blocked, id=14732, stack(0x000000d1a1700000,0x000000d1a1800000)]
  0x000001d294f9e0c0 JavaThread "Sweeper thread" daemon [_thread_blocked, id=18696, stack(0x000000d1a1800000,0x000000d1a1900000)]
  0x000001d294f67080 JavaThread "Common-Cleaner" daemon [_thread_blocked, id=5932, stack(0x000000d1a1900000,0x000000d1a1a00000)]
  0x000001d2da2b3bf0 JavaThread "Notification Thread" daemon [_thread_blocked, id=2324, stack(0x000000d1a1a00000,0x000000d1a1b00000)]
  0x000001d2da89e910 JavaThread "RMI TCP Accept-0" daemon [_thread_in_native, id=9180, stack(0x000000d1a1c00000,0x000000d1a1d00000)]
  0x000001d2da88e5f0 JavaThread "RMI TCP Accept-51953" daemon [_thread_in_native, id=18116, stack(0x000000d1a1d00000,0x000000d1a1e00000)]
  0x000001d2da88bd60 JavaThread "RMI TCP Accept-0" daemon [_thread_in_native, id=17900, stack(0x000000d1a1e00000,0x000000d1a1f00000)]
  0x000001d2dad29ab0 JavaThread "RMI Scheduler(0)" daemon [_thread_blocked, id=18184, stack(0x000000d1a2100000,0x000000d1a2200000)]
  0x000001d2dabcaec0 JavaThread "RMI TCP Connection(4)-127.0.0.1" daemon [_thread_in_native, id=19284, stack(0x000000d1a2200000,0x000000d1a2300000)]
  0x000001d2da8ef140 JavaThread "JMX server connection timeout 22" daemon [_thread_blocked, id=9092, stack(0x000000d1a2300000,0x000000d1a2400000)]
  0x000001d2ddca5490 JavaThread "mysql-cj-abandoned-connection-cleanup" daemon [_thread_blocked, id=15684, stack(0x000000d1a3600000,0x000000d1a3700000)]
  0x000001d2ddca3b40 JavaThread "Live Reload Server" daemon [_thread_in_native, id=5828, stack(0x000000d1a3b00000,0x000000d1a3c00000)]
  0x000001d2ddc9f460 JavaThread "DestroyJavaVM" [_thread_blocked, id=11516, stack(0x000000d1a0900000,0x000000d1a0a00000)]
  0x000001d2ddca08a0 JavaThread "Thread-5" [_thread_blocked, id=15072, stack(0x000000d1a0600000,0x000000d1a0700000)]
  0x000001d2ddc9e020 JavaThread "restartedMain" [_thread_blocked, id=4428, stack(0x000000d1a0700000,0x000000d1a0800000)]
  0x000001d2dc36a6d0 JavaThread "C2 CompilerThread1" daemon [_thread_blocked, id=10004, stack(0x000000d1a0800000,0x000000d1a0900000)]
  0x000001d2dc36ac20 JavaThread "C2 CompilerThread2" daemon [_thread_blocked, id=19200, stack(0x000000d1a1b00000,0x000000d1a1c00000)]

Other Threads:
  0x000001d294f776d0 VMThread "VM Thread" [stack: 0x000000d1a0f00000,0x000000d1a1000000] [id=3028]
  0x000001d2f2212a80 WatcherThread [stack: 0x000000d1a1f00000,0x000000d1a2000000] [id=4404]
  0x000001d2f21f7a40 GCTaskThread "GC Thread#0" [stack: 0x000000d1a0a00000,0x000000d1a0b00000] [id=18152]
  0x000001d2db21b480 GCTaskThread "GC Thread#1" [stack: 0x000000d1a2400000,0x000000d1a2500000] [id=3748]
  0x000001d2db35bb80 GCTaskThread "GC Thread#2" [stack: 0x000000d1a2500000,0x000000d1a2600000] [id=18064]
  0x000001d2db4d23c0 GCTaskThread "GC Thread#3" [stack: 0x000000d1a2600000,0x000000d1a2700000] [id=18304]
  0x000001d2db4d32b0 GCTaskThread "GC Thread#4" [stack: 0x000000d1a2700000,0x000000d1a2800000] [id=4012]
  0x000001d2db481540 GCTaskThread "GC Thread#5" [stack: 0x000000d1a2800000,0x000000d1a2900000] [id=19044]
  0x000001d2db296440 GCTaskThread "GC Thread#6" [stack: 0x000000d1a2900000,0x000000d1a2a00000] [id=18052]
  0x000001d2db296700 GCTaskThread "GC Thread#7" [stack: 0x000000d1a2a00000,0x000000d1a2b00000] [id=18072]
  0x000001d2db4788b0 GCTaskThread "GC Thread#8" [stack: 0x000000d1a2e00000,0x000000d1a2f00000] [id=16444]
  0x000001d2db726c40 GCTaskThread "GC Thread#9" [stack: 0x000000d1a2f00000,0x000000d1a3000000] [id=16448]
  0x000001d2f22087b0 ConcurrentGCThread "G1 Main Marker" [stack: 0x000000d1a0b00000,0x000000d1a0c00000] [id=19196]
  0x000001d2f220b0d0 ConcurrentGCThread "G1 Conc#0" [stack: 0x000000d1a0c00000,0x000000d1a0d00000] [id=17916]
  0x000001d2dbfe9c40 ConcurrentGCThread "G1 Conc#1" [stack: 0x000000d1a3200000,0x000000d1a3300000] [id=18084]
  0x000001d2dc139310 ConcurrentGCThread "G1 Conc#2" [stack: 0x000000d1a3300000,0x000000d1a3400000] [id=17508]
  0x000001d2f223eab0 ConcurrentGCThread "G1 Refine#0" [stack: 0x000000d1a0d00000,0x000000d1a0e00000] [id=12236]
  0x000001d2db541e40 ConcurrentGCThread "G1 Refine#1" [stack: 0x000000d1a2b00000,0x000000d1a2c00000] [id=16584]
  0x000001d294e2f690 ConcurrentGCThread "G1 Service" [stack: 0x000000d1a0e00000,0x000000d1a0f00000] [id=17768]

Threads with active compile tasks:
C1 CompilerThread0  1316932 12014       3       org.springframework.boot.context.config.LocationResourceLoader::isPattern (22 bytes)
C2 CompilerThread1  1316933 12006       4       org.springframework.boot.context.properties.source.SpringConfigurationPropertySources$$Lambda$198/0x000001d296181528::apply (12 bytes)
C2 CompilerThread2  1316933 12007       4       org.springframework.boot.context.properties.source.SpringConfigurationPropertySources::adapt (74 bytes)

VM state: not at safepoint (normal execution)

VM Mutex/Monitor currently owned by a thread:  ([mutex/lock_event])
[0x000001d2f2181490] ClassLoaderDataGraph_lock - owner thread: 0x000001d294f92b10
[0x000001d2f21815b0] SystemDictionary_lock - owner thread: 0x000001d294f92b10

Heap address: 0x0000000709800000, size: 3944 MB, Compressed Oops mode: Zero based, Oop shift amount: 3

CDS archive(s) mapped at: [0x000001d295000000-0x000001d295bd0000-0x000001d295bd0000), size 12386304, SharedBaseAddress: 0x000001d295000000, ArchiveRelocationMode: 1.
Compressed class space mapped at: 0x000001d296000000-0x000001d2d6000000, reserved size: 1073741824
Narrow klass base: 0x000001d295000000, Narrow klass shift: 0, Narrow klass range: 0x100000000

GC Precious Log:
 CPUs: 12 total, 12 available
 Memory: 15775M
 Large Page Support: Disabled
 NUMA Support: Disabled
 Compressed Oops: Enabled (Zero based)
 Heap Region Size: 2M
 Heap Min Capacity: 8M
 Heap Initial Capacity: 248M
 Heap Max Capacity: 3944M
 Pre-touch: Disabled
 Parallel Workers: 10
 Concurrent Workers: 3
 Concurrent Refinement Workers: 10
 Periodic GC: Disabled

Heap:
 garbage-first heap   total 114688K, used 39373K [0x0000000709800000, 0x0000000800000000)
  region size 2048K, 1 young (2048K), 0 survivors (0K)
 Metaspace       used 87551K, committed 88448K, reserved 1179648K
  class space    used 11795K, committed 12224K, reserved 1048576K

Heap Regions: E=young(eden), S=young(survivor), O=old, HS=humongous(starts), HC=humongous(continues), CS=collection set, F=free, OA=open archive, CA=closed archive, TAMS=top-at-mark-start (previous, next)
|   0|0x0000000709800000, 0x00000007099fffe0, 0x0000000709a00000| 99%| O|  |TAMS 0x0000000709800000, 0x0000000709800000| Untracked 
|   1|0x0000000709a00000, 0x0000000709c00000, 0x0000000709c00000|100%| O|  |TAMS 0x0000000709c00000, 0x0000000709a00000| Untracked 
|   2|0x0000000709c00000, 0x0000000709e00000, 0x0000000709e00000|100%| O|  |TAMS 0x0000000709e00000, 0x0000000709c00000| Untracked 
|   3|0x0000000709e00000, 0x0000000709fffff0, 0x000000070a000000| 99%| O|  |TAMS 0x0000000709e00000, 0x0000000709e00000| Untracked 
|   4|0x000000070a000000, 0x000000070a200000, 0x000000070a200000|100%| O|  |TAMS 0x000000070a000000, 0x000000070a000000| Untracked 
|   5|0x000000070a200000, 0x000000070a3fffe0, 0x000000070a400000| 99%| O|  |TAMS 0x000000070a200000, 0x000000070a200000| Untracked 
|   6|0x000000070a400000, 0x000000070a5f44b8, 0x000000070a600000| 97%| O|  |TAMS 0x000000070a400000, 0x000000070a400000| Untracked 
|   7|0x000000070a600000, 0x000000070a7fff80, 0x000000070a800000| 99%| O|  |TAMS 0x000000070a600000, 0x000000070a600000| Untracked 
|   8|0x000000070a800000, 0x000000070a9fffe0, 0x000000070aa00000| 99%| O|  |TAMS 0x000000070a800000, 0x000000070a800000| Untracked 
|   9|0x000000070aa00000, 0x000000070abfffd0, 0x000000070ac00000| 99%| O|  |TAMS 0x000000070aa00000, 0x000000070aa00000| Untracked 
|  10|0x000000070ac00000, 0x000000070adffff8, 0x000000070ae00000| 99%| O|  |TAMS 0x000000070ac00000, 0x000000070ac00000| Untracked 
|  11|0x000000070ae00000, 0x000000070affffd0, 0x000000070b000000| 99%| O|  |TAMS 0x000000070ae00000, 0x000000070ae00000| Untracked 
|  12|0x000000070b000000, 0x000000070b1ffff0, 0x000000070b200000| 99%| O|  |TAMS 0x000000070b000000, 0x000000070b000000| Untracked 
|  13|0x000000070b200000, 0x000000070b3ffff8, 0x000000070b400000| 99%| O|  |TAMS 0x000000070b200000, 0x000000070b200000| Untracked 
|  14|0x000000070b400000, 0x000000070b5ffff8, 0x000000070b600000| 99%| O|  |TAMS 0x000000070b400000, 0x000000070b400000| Untracked 
|  15|0x000000070b600000, 0x000000070b7fffc0, 0x000000070b800000| 99%| O|  |TAMS 0x000000070b600000, 0x000000070b600000| Untracked 
|  16|0x000000070b800000, 0x000000070b9ffff0, 0x000000070ba00000| 99%| O|  |TAMS 0x000000070b800000, 0x000000070b800000| Untracked 
|  17|0x000000070ba00000, 0x000000070bba2310, 0x000000070bc00000| 81%| O|  |TAMS 0x000000070ba00000, 0x000000070ba00000| Untracked 
|  18|0x000000070bc00000, 0x000000070bc170b0, 0x000000070be00000|  4%| O|  |TAMS 0x000000070bc00000, 0x000000070bc00000| Untracked 
|  19|0x000000070be00000, 0x000000070be00000, 0x000000070c000000|  0%| F|  |TAMS 0x000000070be00000, 0x000000070be00000| Untracked 
|  20|0x000000070c000000, 0x000000070c19c428, 0x000000070c200000| 80%| O|  |TAMS 0x000000070c000000, 0x000000070c000000| Untracked 
|  21|0x000000070c200000, 0x000000070c329b18, 0x000000070c400000| 58%| O|  |TAMS 0x000000070c200000, 0x000000070c200000| Untracked 
|  22|0x000000070c400000, 0x000000070c400000, 0x000000070c600000|  0%| F|  |TAMS 0x000000070c400000, 0x000000070c400000| Untracked 
|  23|0x000000070c600000, 0x000000070c600000, 0x000000070c800000|  0%| F|  |TAMS 0x000000070c600000, 0x000000070c600000| Untracked 
|  24|0x000000070c800000, 0x000000070c800000, 0x000000070ca00000|  0%| F|  |TAMS 0x000000070c800000, 0x000000070c800000| Untracked 
|  25|0x000000070ca00000, 0x000000070ca00000, 0x000000070cc00000|  0%| F|  |TAMS 0x000000070ca00000, 0x000000070ca00000| Untracked 
|  26|0x000000070cc00000, 0x000000070cc00000, 0x000000070ce00000|  0%| F|  |TAMS 0x000000070cc00000, 0x000000070cc00000| Untracked 
|  27|0x000000070ce00000, 0x000000070ce00000, 0x000000070d000000|  0%| F|  |TAMS 0x000000070ce00000, 0x000000070ce00000| Untracked 
|  28|0x000000070d000000, 0x000000070d000000, 0x000000070d200000|  0%| F|  |TAMS 0x000000070d000000, 0x000000070d000000| Untracked 
|  29|0x000000070d200000, 0x000000070d200000, 0x000000070d400000|  0%| F|  |TAMS 0x000000070d200000, 0x000000070d200000| Untracked 
|  30|0x000000070d400000, 0x000000070d400000, 0x000000070d600000|  0%| F|  |TAMS 0x000000070d400000, 0x000000070d400000| Untracked 
|  31|0x000000070d600000, 0x000000070d600000, 0x000000070d800000|  0%| F|  |TAMS 0x000000070d600000, 0x000000070d600000| Untracked 
|  32|0x000000070d800000, 0x000000070d800000, 0x000000070da00000|  0%| F|  |TAMS 0x000000070d800000, 0x000000070d800000| Untracked 
|  33|0x000000070da00000, 0x000000070da00000, 0x000000070dc00000|  0%| F|  |TAMS 0x000000070da00000, 0x000000070da00000| Untracked 
|  34|0x000000070dc00000, 0x000000070dc00000, 0x000000070de00000|  0%| F|  |TAMS 0x000000070dc00000, 0x000000070dc00000| Untracked 
|  35|0x000000070de00000, 0x000000070de00000, 0x000000070e000000|  0%| F|  |TAMS 0x000000070de00000, 0x000000070de00000| Untracked 
|  36|0x000000070e000000, 0x000000070e000000, 0x000000070e200000|  0%| F|  |TAMS 0x000000070e000000, 0x000000070e000000| Untracked 
|  37|0x000000070e200000, 0x000000070e200000, 0x000000070e400000|  0%| F|  |TAMS 0x000000070e200000, 0x000000070e200000| Untracked 
|  38|0x000000070e400000, 0x000000070e400000, 0x000000070e600000|  0%| F|  |TAMS 0x000000070e400000, 0x000000070e400000| Untracked 
|  39|0x000000070e600000, 0x000000070e600000, 0x000000070e800000|  0%| F|  |TAMS 0x000000070e600000, 0x000000070e600000| Untracked 
|  40|0x000000070e800000, 0x000000070e800000, 0x000000070ea00000|  0%| F|  |TAMS 0x000000070e800000, 0x000000070e800000| Untracked 
|  41|0x000000070ea00000, 0x000000070ea00000, 0x000000070ec00000|  0%| F|  |TAMS 0x000000070ea00000, 0x000000070ea00000| Untracked 
|  42|0x000000070ec00000, 0x000000070ec00000, 0x000000070ee00000|  0%| F|  |TAMS 0x000000070ec00000, 0x000000070ec00000| Untracked 
|  43|0x000000070ee00000, 0x000000070ee00000, 0x000000070f000000|  0%| F|  |TAMS 0x000000070ee00000, 0x000000070ee00000| Untracked 
|  44|0x000000070f000000, 0x000000070f000000, 0x000000070f200000|  0%| F|  |TAMS 0x000000070f000000, 0x000000070f000000| Untracked 
|  45|0x000000070f200000, 0x000000070f200000, 0x000000070f400000|  0%| F|  |TAMS 0x000000070f200000, 0x000000070f200000| Untracked 
|  46|0x000000070f400000, 0x000000070f400000, 0x000000070f600000|  0%| F|  |TAMS 0x000000070f400000, 0x000000070f400000| Untracked 
|  47|0x000000070f600000, 0x000000070f600000, 0x000000070f800000|  0%| F|  |TAMS 0x000000070f600000, 0x000000070f600000| Untracked 
|  48|0x000000070f800000, 0x000000070f800000, 0x000000070fa00000|  0%| F|  |TAMS 0x000000070f800000, 0x000000070f800000| Untracked 
|  49|0x000000070fa00000, 0x000000070fa00000, 0x000000070fc00000|  0%| F|  |TAMS 0x000000070fa00000, 0x000000070fa00000| Untracked 
|  50|0x000000070fc00000, 0x000000070fc00000, 0x000000070fe00000|  0%| F|  |TAMS 0x000000070fc00000, 0x000000070fc00000| Untracked 
|  51|0x000000070fe00000, 0x000000070fe00000, 0x0000000710000000|  0%| F|  |TAMS 0x000000070fe00000, 0x000000070fe00000| Untracked 
|  52|0x0000000710000000, 0x0000000710000000, 0x0000000710200000|  0%| F|  |TAMS 0x0000000710000000, 0x0000000710000000| Untracked 
|  53|0x0000000710200000, 0x0000000710200000, 0x0000000710400000|  0%| F|  |TAMS 0x0000000710200000, 0x0000000710200000| Untracked 
|  95|0x0000000715600000, 0x0000000715600000, 0x0000000715800000|  0%| F|  |TAMS 0x0000000715600000, 0x0000000715600000| Untracked 
| 123|0x0000000718e00000, 0x0000000718f56868, 0x0000000719000000| 66%| E|  |TAMS 0x0000000718e00000, 0x0000000718e00000| Complete 

Card table byte_map: [0x000001d2fa740000,0x000001d2faf00000] _byte_map_base: 0x000001d2f6ef4000

Marking Bits (Prev, Next): (CMBitMap*) 0x000001d2f21f8060, (CMBitMap*) 0x000001d2f21f80a0
 Prev Bits: [0x000001d2fb6c0000, 0x000001d2ff460000)
 Next Bits: [0x000001d28f000000, 0x000001d292da0000)

Polling page: 0x000001d2f0140000

Metaspace:

Usage:
  Non-class:     73.98 MB used.
      Class:     11.52 MB used.
       Both:     85.50 MB used.

Virtual space:
  Non-class space:      128.00 MB reserved,      74.44 MB ( 58%) committed,  2 nodes.
      Class space:        1.00 GB reserved,      11.94 MB (  1%) committed,  1 nodes.
             Both:        1.12 GB reserved,      86.38 MB (  7%) committed. 

Chunk freelists:
   Non-Class:  5.44 MB
       Class:  3.93 MB
        Both:  9.37 MB

MaxMetaspaceSize: unlimited
CompressedClassSpaceSize: 1.00 GB
Initial GC threshold: 21.00 MB
Current GC threshold: 144.00 MB
CDS: on
MetaspaceReclaimPolicy: balanced
 - commit_granule_bytes: 65536.
 - commit_granule_words: 8192.
 - virtual_space_node_default_size: 8388608.
 - enlarge_chunks_in_place: 1.
 - new_chunks_are_fully_committed: 0.
 - uncommit_free_chunks: 1.
 - use_allocation_guard: 0.
 - handle_deallocations: 1.


Internal statistics:

num_allocs_failed_limit: 9.
num_arena_births: 1232.
num_arena_deaths: 16.
num_vsnodes_births: 3.
num_vsnodes_deaths: 0.
num_space_committed: 1382.
num_space_uncommitted: 0.
num_chunks_returned_to_freelist: 33.
num_chunks_taken_from_freelist: 4585.
num_chunk_merges: 10.
num_chunk_splits: 3102.
num_chunks_enlarged: 2207.
num_inconsistent_stats: 0.

CodeHeap 'non-profiled nmethods': size=120000Kb used=7012Kb max_used=7574Kb free=112987Kb
 bounds [0x000001d287ad0000, 0x000001d288240000, 0x000001d28f000000]
CodeHeap 'profiled nmethods': size=120000Kb used=18853Kb max_used=19360Kb free=101146Kb
 bounds [0x000001d280000000, 0x000001d2812f0000, 0x000001d287530000]
CodeHeap 'non-nmethods': size=5760Kb used=1390Kb max_used=1462Kb free=4369Kb
 bounds [0x000001d287530000, 0x000001d2877a0000, 0x000001d287ad0000]
 total_blobs=10725 nmethods=9998 adapters=638
 compilation: enabled
              stopped_count=0, restarted_count=0
 full_count=0

Compilation events (20 events):
Event: 1316.871 Thread 0x000001d2da138140 12001       3       java.lang.StringLatin1$CharsSpliterator::tryAdvance (60 bytes)
Event: 1316.871 Thread 0x000001d2da138140 nmethod 12001 0x000001d280f04590 code [0x000001d280f04760, 0x000001d280f04b38]
Event: 1316.871 Thread 0x000001d2da138140 12002       3       java.util.stream.StreamSupport::intStream (14 bytes)
Event: 1316.871 Thread 0x000001d2da138140 nmethod 12002 0x000001d280f03f90 code [0x000001d280f04140, 0x000001d280f04418]
Event: 1316.871 Thread 0x000001d2da138140 12003       3       java.util.stream.IntPipeline$Head::<init> (8 bytes)
Event: 1316.871 Thread 0x000001d2dc36a6d0 12006       4       org.springframework.boot.context.properties.source.SpringConfigurationPropertySources$$Lambda$198/0x000001d296181528::apply (12 bytes)
Event: 1316.871 Thread 0x000001d2da138140 nmethod 12003 0x000001d2805e4c10 code [0x000001d2805e4dc0, 0x000001d2805e4f48]
Event: 1316.871 Thread 0x000001d2da138140 12004       3       java.util.stream.IntPipeline::<init> (8 bytes)
Event: 1316.871 Thread 0x000001d2da138140 nmethod 12004 0x000001d280f03c10 code [0x000001d280f03da0, 0x000001d280f03ee8]
Event: 1316.871 Thread 0x000001d2da138140 12005       3       java.lang.String::chars (43 bytes)
Event: 1316.872 Thread 0x000001d2da138140 nmethod 12005 0x000001d280f03590 code [0x000001d280f03760, 0x000001d280f03b08]
Event: 1316.872 Thread 0x000001d2da138140 12009       3       java.util.ArrayDeque::iterator (9 bytes)
Event: 1316.872 Thread 0x000001d2da138140 nmethod 12009 0x000001d280f02b90 code [0x000001d280f02d40, 0x000001d280f03178]
Event: 1316.872 Thread 0x000001d2da138140 12010       3       java.util.ArrayDeque$DeqIterator::<init> (34 bytes)
Event: 1316.873 Thread 0x000001d2dc36ac20 12008 %     4       java.util.concurrent.ConcurrentHashMap$KeySpliterator::forEachRemaining @ 12 (35 bytes)
Event: 1316.873 Thread 0x000001d2da138140 nmethod 12010 0x000001d28114c710 code [0x000001d28114c8c0, 0x000001d28114cc38]
Event: 1316.873 Thread 0x000001d2da138140 12013       3       java.net.URI::decode (380 bytes)
Event: 1316.875 Thread 0x000001d2da138140 nmethod 12013 0x000001d281103d90 code [0x000001d2811043c0, 0x000001d2811079b8]
Event: 1316.876 Thread 0x000001d2da138140 12014       3       org.springframework.boot.context.config.LocationResourceLoader::isPattern (22 bytes)
Event: 1316.876 Thread 0x000001d294f95280 nmethod 11992 0x000001d287dfb490 code [0x000001d287dfb680, 0x000001d287dfc170]

GC Heap History (20 events):
Event: 18.826 GC heap before
{Heap before GC invocations=28 (full 0):
 garbage-first heap   total 114688K, used 90923K [0x0000000709800000, 0x0000000800000000)
  region size 2048K, 25 young (51200K), 4 survivors (8192K)
 Metaspace       used 84117K, committed 84800K, reserved 1179648K
  class space    used 11400K, committed 11712K, reserved 1048576K
}
Event: 18.831 GC heap after
{Heap after GC invocations=29 (full 0):
 garbage-first heap   total 114688K, used 50962K [0x0000000709800000, 0x0000000800000000)
  region size 2048K, 4 young (8192K), 4 survivors (8192K)
 Metaspace       used 84117K, committed 84800K, reserved 1179648K
  class space    used 11400K, committed 11712K, reserved 1048576K
}
Event: 49.470 GC heap before
{Heap before GC invocations=29 (full 0):
 garbage-first heap   total 114688K, used 89874K [0x0000000709800000, 0x0000000800000000)
  region size 2048K, 24 young (49152K), 4 survivors (8192K)
 Metaspace       used 86705K, committed 87552K, reserved 1179648K
  class space    used 11759K, committed 12160K, reserved 1048576K
}
Event: 49.475 GC heap after
{Heap after GC invocations=30 (full 0):
 garbage-first heap   total 114688K, used 50978K [0x0000000709800000, 0x0000000800000000)
  region size 2048K, 2 young (4096K), 2 survivors (4096K)
 Metaspace       used 86705K, committed 87552K, reserved 1179648K
  class space    used 11759K, committed 12160K, reserved 1048576K
}
Event: 109.495 GC heap before
{Heap before GC invocations=30 (full 0):
 garbage-first heap   total 114688K, used 93986K [0x0000000709800000, 0x0000000800000000)
  region size 2048K, 23 young (47104K), 2 survivors (4096K)
 Metaspace       used 86935K, committed 87744K, reserved 1179648K
  class space    used 11766K, committed 12160K, reserved 1048576K
}
Event: 109.498 GC heap after
{Heap after GC invocations=31 (full 0):
 garbage-first heap   total 114688K, used 51301K [0x0000000709800000, 0x0000000800000000)
  region size 2048K, 1 young (2048K), 1 survivors (2048K)
 Metaspace       used 86935K, committed 87744K, reserved 1179648K
  class space    used 11766K, committed 12160K, reserved 1048576K
}
Event: 172.817 GC heap before
{Heap before GC invocations=31 (full 0):
 garbage-first heap   total 114688K, used 94309K [0x0000000709800000, 0x0000000800000000)
  region size 2048K, 22 young (45056K), 1 survivors (2048K)
 Metaspace       used 87064K, committed 87872K, reserved 1179648K
  class space    used 11769K, committed 12160K, reserved 1048576K
}
Event: 172.819 GC heap after
{Heap after GC invocations=32 (full 0):
 garbage-first heap   total 114688K, used 51248K [0x0000000709800000, 0x0000000800000000)
  region size 2048K, 1 young (2048K), 1 survivors (2048K)
 Metaspace       used 87064K, committed 87872K, reserved 1179648K
  class space    used 11769K, committed 12160K, reserved 1048576K
}
Event: 235.607 GC heap before
{Heap before GC invocations=32 (full 0):
 garbage-first heap   total 114688K, used 94256K [0x0000000709800000, 0x0000000800000000)
  region size 2048K, 22 young (45056K), 1 survivors (2048K)
 Metaspace       used 87134K, committed 87936K, reserved 1179648K
  class space    used 11770K, committed 12160K, reserved 1048576K
}
Event: 235.609 GC heap after
{Heap after GC invocations=33 (full 0):
 garbage-first heap   total 114688K, used 51144K [0x0000000709800000, 0x0000000800000000)
  region size 2048K, 1 young (2048K), 1 survivors (2048K)
 Metaspace       used 87134K, committed 87936K, reserved 1179648K
  class space    used 11770K, committed 12160K, reserved 1048576K
}
Event: 448.462 GC heap before
{Heap before GC invocations=33 (full 0):
 garbage-first heap   total 114688K, used 96200K [0x0000000709800000, 0x0000000800000000)
  region size 2048K, 23 young (47104K), 1 survivors (2048K)
 Metaspace       used 87243K, committed 88000K, reserved 1179648K
  class space    used 11770K, committed 12160K, reserved 1048576K
}
Event: 448.464 GC heap after
{Heap after GC invocations=34 (full 0):
 garbage-first heap   total 114688K, used 51294K [0x0000000709800000, 0x0000000800000000)
  region size 2048K, 1 young (2048K), 1 survivors (2048K)
 Metaspace       used 87243K, committed 88000K, reserved 1179648K
  class space    used 11770K, committed 12160K, reserved 1048576K
}
Event: 689.759 GC heap before
{Heap before GC invocations=34 (full 0):
 garbage-first heap   total 114688K, used 96350K [0x0000000709800000, 0x0000000800000000)
  region size 2048K, 23 young (47104K), 1 survivors (2048K)
 Metaspace       used 87311K, committed 88128K, reserved 1179648K
  class space    used 11770K, committed 12160K, reserved 1048576K
}
Event: 689.761 GC heap after
{Heap after GC invocations=35 (full 0):
 garbage-first heap   total 114688K, used 51352K [0x0000000709800000, 0x0000000800000000)
  region size 2048K, 1 young (2048K), 1 survivors (2048K)
 Metaspace       used 87311K, committed 88128K, reserved 1179648K
  class space    used 11770K, committed 12160K, reserved 1048576K
}
Event: 929.630 GC heap before
{Heap before GC invocations=35 (full 0):
 garbage-first heap   total 114688K, used 96408K [0x0000000709800000, 0x0000000800000000)
  region size 2048K, 23 young (47104K), 1 survivors (2048K)
 Metaspace       used 87370K, committed 88128K, reserved 1179648K
  class space    used 11774K, committed 12160K, reserved 1048576K
}
Event: 929.632 GC heap after
{Heap after GC invocations=36 (full 0):
 garbage-first heap   total 114688K, used 51383K [0x0000000709800000, 0x0000000800000000)
  region size 2048K, 1 young (2048K), 1 survivors (2048K)
 Metaspace       used 87370K, committed 88128K, reserved 1179648K
  class space    used 11774K, committed 12160K, reserved 1048576K
}
Event: 1183.141 GC heap before
{Heap before GC invocations=36 (full 0):
 garbage-first heap   total 114688K, used 98487K [0x0000000709800000, 0x0000000800000000)
  region size 2048K, 24 young (49152K), 1 survivors (2048K)
 Metaspace       used 87426K, committed 88192K, reserved 1179648K
  class space    used 11774K, committed 12160K, reserved 1048576K
}
Event: 1183.143 GC heap after
{Heap after GC invocations=37 (full 0):
 garbage-first heap   total 114688K, used 51372K [0x0000000709800000, 0x0000000800000000)
  region size 2048K, 1 young (2048K), 1 survivors (2048K)
 Metaspace       used 87426K, committed 88192K, reserved 1179648K
  class space    used 11774K, committed 12160K, reserved 1048576K
}
Event: 1316.774 GC heap before
{Heap before GC invocations=37 (full 0):
 garbage-first heap   total 114688K, used 77996K [0x0000000709800000, 0x0000000800000000)
  region size 2048K, 15 young (30720K), 1 survivors (2048K)
 Metaspace       used 87571K, committed 88448K, reserved 1179648K
  class space    used 11798K, committed 12224K, reserved 1048576K
}
Event: 1316.863 GC heap after
{Heap after GC invocations=38 (full 1):
 garbage-first heap   total 114688K, used 39373K [0x0000000709800000, 0x0000000800000000)
  region size 2048K, 0 young (0K), 0 survivors (0K)
 Metaspace       used 87545K, committed 88448K, reserved 1179648K
  class space    used 11794K, committed 12224K, reserved 1048576K
}

Deoptimization events (20 events):
Event: 1316.548 Thread 0x000001d2ddca08a0 DEOPT PACKING pc=0x000001d28819bf68 sp=0x000000d1a06fea50
Event: 1316.548 Thread 0x000001d2ddca08a0 DEOPT UNPACKING pc=0x000001d2875823a3 sp=0x000000d1a06fe9e8 mode 2
Event: 1316.551 Thread 0x000001d2ddca08a0 DEOPT PACKING pc=0x000001d281041029 sp=0x000000d1a06fee10
Event: 1316.551 Thread 0x000001d2ddca08a0 DEOPT UNPACKING pc=0x000001d287582b43 sp=0x000000d1a06fe2c0 mode 0
Event: 1316.772 Thread 0x000001d2ddca08a0 Uncommon trap: trap_request=0xffffffde fr.pc=0x000001d287f81bc0 relative=0x0000000000000c00
Event: 1316.772 Thread 0x000001d2ddca08a0 Uncommon trap: reason=class_check action=maybe_recompile pc=0x000001d287f81bc0 method=java.util.concurrent.ConcurrentHashMap$CollectionView.toArray()[Ljava/lang/Object; @ 39 c2
Event: 1316.772 Thread 0x000001d2ddca08a0 DEOPT PACKING pc=0x000001d287f81bc0 sp=0x000000d1a06fe7c0
Event: 1316.772 Thread 0x000001d2ddca08a0 DEOPT UNPACKING pc=0x000001d2875823a3 sp=0x000000d1a06fe770 mode 2
Event: 1316.870 Thread 0x000001d2ddc9e020 Uncommon trap: trap_request=0xffffffbe fr.pc=0x000001d287e7f344 relative=0x00000000000007e4
Event: 1316.870 Thread 0x000001d2ddc9e020 Uncommon trap: reason=profile_predicate action=maybe_recompile pc=0x000001d287e7f344 method=org.springframework.boot.context.properties.source.ConfigurationPropertyName$Elements.canShortcutWithSource(Lorg/springframework/boot/context/properties/source/Con
Event: 1316.870 Thread 0x000001d2ddc9e020 DEOPT PACKING pc=0x000001d287e7f344 sp=0x000000d1a07fda60
Event: 1316.870 Thread 0x000001d2ddc9e020 DEOPT UNPACKING pc=0x000001d2875823a3 sp=0x000000d1a07fd8f8 mode 2
Event: 1316.870 Thread 0x000001d2ddc9e020 Uncommon trap: trap_request=0xffffffbe fr.pc=0x000001d287e7f344 relative=0x00000000000007e4
Event: 1316.870 Thread 0x000001d2ddc9e020 Uncommon trap: reason=profile_predicate action=maybe_recompile pc=0x000001d287e7f344 method=org.springframework.boot.context.properties.source.ConfigurationPropertyName$Elements.canShortcutWithSource(Lorg/springframework/boot/context/properties/source/Con
Event: 1316.870 Thread 0x000001d2ddc9e020 DEOPT PACKING pc=0x000001d287e7f344 sp=0x000000d1a07fda60
Event: 1316.870 Thread 0x000001d2ddc9e020 DEOPT UNPACKING pc=0x000001d2875823a3 sp=0x000000d1a07fd8f8 mode 2
Event: 1316.870 Thread 0x000001d2ddc9e020 Uncommon trap: trap_request=0xffffffbe fr.pc=0x000001d287e7f344 relative=0x00000000000007e4
Event: 1316.870 Thread 0x000001d2ddc9e020 Uncommon trap: reason=profile_predicate action=maybe_recompile pc=0x000001d287e7f344 method=org.springframework.boot.context.properties.source.ConfigurationPropertyName$Elements.canShortcutWithSource(Lorg/springframework/boot/context/properties/source/Con
Event: 1316.870 Thread 0x000001d2ddc9e020 DEOPT PACKING pc=0x000001d287e7f344 sp=0x000000d1a07fda60
Event: 1316.870 Thread 0x000001d2ddc9e020 DEOPT UNPACKING pc=0x000001d2875823a3 sp=0x000000d1a07fd8f8 mode 2

Classes unloaded (8 events):
Event: 1316.829 Thread 0x000001d294f776d0 Unloading class 0x000001d296ad2000 'jdk/internal/reflect/GeneratedSerializationConstructorAccessor31'
Event: 1316.829 Thread 0x000001d294f776d0 Unloading class 0x000001d296ad1c00 'jdk/internal/reflect/GeneratedSerializationConstructorAccessor30'
Event: 1316.829 Thread 0x000001d294f776d0 Unloading class 0x000001d296ac8800 'jdk/internal/reflect/GeneratedSerializationConstructorAccessor29'
Event: 1316.829 Thread 0x000001d294f776d0 Unloading class 0x000001d296ac8400 'jdk/internal/reflect/GeneratedSerializationConstructorAccessor28'
Event: 1316.829 Thread 0x000001d294f776d0 Unloading class 0x000001d296ac8000 'jdk/internal/reflect/GeneratedSerializationConstructorAccessor27'
Event: 1316.829 Thread 0x000001d294f776d0 Unloading class 0x000001d296ac1400 'jdk/internal/reflect/GeneratedSerializationConstructorAccessor26'
Event: 1316.829 Thread 0x000001d294f776d0 Unloading class 0x000001d296ac0000 'jdk/internal/reflect/GeneratedSerializationConstructorAccessor25'
Event: 1316.829 Thread 0x000001d294f776d0 Unloading class 0x000001d296ab8800 'jdk/internal/reflect/GeneratedSerializationConstructorAccessor24'

Classes redefined (0 events):
No events

Internal exceptions (20 events):
Event: 244.486 Thread 0x000001d2dabcaec0 Exception <a 'java/lang/ClassNotFoundException'{0x00000007103c8998}: org/springframework/boot/actuate/endpoint/jmx/EndpointMBean> (0x00000007103c8998) 
thrown [s\open\src\hotspot\share\classfile\systemDictionary.cpp, line 256]
Event: 244.486 Thread 0x000001d2dabcaec0 Exception <a 'java/lang/ClassNotFoundException'{0x00000007103c8d58}: org/springframework/boot/actuate/endpoint/jmx/DataEndpointMBean> (0x00000007103c8d58) 
thrown [s\open\src\hotspot\share\classfile\systemDictionary.cpp, line 256]
Event: 244.486 Thread 0x000001d2dabcaec0 Exception <a 'java/lang/ClassNotFoundException'{0x00000007103c9110}: org/springframework/context/support/LiveBeansView> (0x00000007103c9110) 
thrown [s\open\src\hotspot\share\classfile\systemDictionary.cpp, line 256]
Event: 244.486 Thread 0x000001d2dabcaec0 Exception <a 'java/lang/ClassNotFoundException'{0x00000007103c94c0}: org/springframework/boot/actuate/endpoint/jmx/EndpointMBean> (0x00000007103c94c0) 
thrown [s\open\src\hotspot\share\classfile\systemDictionary.cpp, line 256]
Event: 244.486 Thread 0x000001d2dabcaec0 Exception <a 'java/lang/ClassNotFoundException'{0x00000007103c9870}: org/springframework/boot/actuate/endpoint/jmx/DataEndpointMBean> (0x00000007103c9870) 
thrown [s\open\src\hotspot\share\classfile\systemDictionary.cpp, line 256]
Event: 244.486 Thread 0x000001d2dabcaec0 Exception <a 'java/lang/ClassNotFoundException'{0x00000007103c9c18}: org/springframework/context/support/LiveBeansView> (0x00000007103c9c18) 
thrown [s\open\src\hotspot\share\classfile\systemDictionary.cpp, line 256]
Event: 244.487 Thread 0x000001d2dabcaec0 Exception <a 'java/lang/ClassNotFoundException'{0x0000000710016960}: org/springframework/boot/actuate/endpoint/jmx/EndpointMBean> (0x0000000710016960) 
thrown [s\open\src\hotspot\share\classfile\systemDictionary.cpp, line 256]
Event: 244.488 Thread 0x000001d2dabcaec0 Exception <a 'java/lang/ClassNotFoundException'{0x000000071005f0f8}: org/springframework/boot/actuate/endpoint/jmx/DataEndpointMBean> (0x000000071005f0f8) 
thrown [s\open\src\hotspot\share\classfile\systemDictionary.cpp, line 256]
Event: 244.489 Thread 0x000001d2dabcaec0 Exception <a 'java/lang/ClassNotFoundException'{0x00000007100a7ae0}: org/springframework/context/support/LiveBeansView> (0x00000007100a7ae0) 
thrown [s\open\src\hotspot\share\classfile\systemDictionary.cpp, line 256]
Event: 244.489 Thread 0x000001d2dabcaec0 Exception <a 'java/lang/ClassNotFoundException'{0x00000007100ab0a8}: org/springframework/boot/actuate/endpoint/jmx/EndpointMBean> (0x00000007100ab0a8) 
thrown [s\open\src\hotspot\share\classfile\systemDictionary.cpp, line 256]
Event: 244.489 Thread 0x000001d2dabcaec0 Exception <a 'java/lang/ClassNotFoundException'{0x00000007100ab478}: org/springframework/boot/actuate/endpoint/jmx/DataEndpointMBean> (0x00000007100ab478) 
thrown [s\open\src\hotspot\share\classfile\systemDictionary.cpp, line 256]
Event: 244.489 Thread 0x000001d2dabcaec0 Exception <a 'java/lang/ClassNotFoundException'{0x00000007100ab840}: org/springframework/context/support/LiveBeansView> (0x00000007100ab840) 
thrown [s\open\src\hotspot\share\classfile\systemDictionary.cpp, line 256]
Event: 244.489 Thread 0x000001d2dabcaec0 Exception <a 'java/lang/ClassNotFoundException'{0x00000007100abbf8}: org/springframework/boot/actuate/endpoint/jmx/EndpointMBean> (0x00000007100abbf8) 
thrown [s\open\src\hotspot\share\classfile\systemDictionary.cpp, line 256]
Event: 244.489 Thread 0x000001d2dabcaec0 Exception <a 'java/lang/ClassNotFoundException'{0x00000007100abfb0}: org/springframework/boot/actuate/endpoint/jmx/DataEndpointMBean> (0x00000007100abfb0) 
thrown [s\open\src\hotspot\share\classfile\systemDictionary.cpp, line 256]
Event: 244.489 Thread 0x000001d2dabcaec0 Exception <a 'java/lang/ClassNotFoundException'{0x00000007100ac360}: org/springframework/context/support/LiveBeansView> (0x00000007100ac360) 
thrown [s\open\src\hotspot\share\classfile\systemDictionary.cpp, line 256]
Event: 244.489 Thread 0x000001d2dabcaec0 Exception <a 'java/lang/ClassNotFoundException'{0x00000007100ac718}: org/springframework/boot/actuate/endpoint/jmx/EndpointMBean> (0x00000007100ac718) 
thrown [s\open\src\hotspot\share\classfile\systemDictionary.cpp, line 256]
Event: 244.489 Thread 0x000001d2dabcaec0 Exception <a 'java/lang/ClassNotFoundException'{0x00000007100acad0}: org/springframework/boot/actuate/endpoint/jmx/DataEndpointMBean> (0x00000007100acad0) 
thrown [s\open\src\hotspot\share\classfile\systemDictionary.cpp, line 256]
Event: 244.489 Thread 0x000001d2dabcaec0 Exception <a 'java/lang/ClassNotFoundException'{0x00000007100ace80}: org/springframework/context/support/LiveBeansView> (0x00000007100ace80) 
thrown [s\open\src\hotspot\share\classfile\systemDictionary.cpp, line 256]
Event: 1316.774 Thread 0x000001d2db71d720 Exception <a 'java/lang/InterruptedException'{0x000000070edba510}: sleep interrupted> (0x000000070edba510) 
thrown [s\open\src\hotspot\share\prims\jvm.cpp, line 3064]
Event: 1316.869 Thread 0x000001d2ddc9e020 Exception <a 'sun/nio/fs/WindowsException'{0x0000000718e85da0}> (0x0000000718e85da0) 
thrown [s\open\src\hotspot\share\prims\jni.cpp, line 516]

VM Operations (20 events):
Event: 1086.096 Executing VM operation: Cleanup
Event: 1086.096 Executing VM operation: Cleanup done
Event: 1087.108 Executing VM operation: Cleanup
Event: 1087.108 Executing VM operation: Cleanup done
Event: 1183.141 Executing VM operation: G1CollectForAllocation
Event: 1183.143 Executing VM operation: G1CollectForAllocation done
Event: 1204.342 Executing VM operation: Cleanup
Event: 1204.342 Executing VM operation: Cleanup done
Event: 1207.352 Executing VM operation: Cleanup
Event: 1207.352 Executing VM operation: Cleanup done
Event: 1282.012 Executing VM operation: Cleanup
Event: 1282.012 Executing VM operation: Cleanup done
Event: 1284.039 Executing VM operation: Cleanup
Event: 1284.039 Executing VM operation: Cleanup done
Event: 1305.270 Executing VM operation: Cleanup
Event: 1305.270 Executing VM operation: Cleanup done
Event: 1316.391 Executing VM operation: Cleanup
Event: 1316.391 Executing VM operation: Cleanup done
Event: 1316.774 Executing VM operation: G1CollectFull
Event: 1316.863 Executing VM operation: G1CollectFull done

Events (20 events):
Event: 1316.546 loading class javax/management/NotificationBroadcasterSupport$WildcardListenerInfo done
Event: 1316.554 loading class java/util/AbstractMap$2
Event: 1316.554 loading class java/util/AbstractMap$2 done
Event: 1316.554 loading class java/util/AbstractMap$2$1
Event: 1316.554 loading class java/util/AbstractMap$2$1 done
Event: 1316.558 Thread 0x000001d2ddca12c0 Thread added: 0x000001d2ddca12c0
Event: 1316.558 Thread 0x000001d2ddca4560 Thread exited: 0x000001d2ddca4560
Event: 1316.769 Thread 0x000001d2ddca12c0 Thread exited: 0x000001d2ddca12c0
Event: 1316.774 Thread 0x000001d2db71c7f0 Thread exited: 0x000001d2db71c7f0
Event: 1316.774 Thread 0x000001d2db71d210 Thread exited: 0x000001d2db71d210
Event: 1316.774 Thread 0x000001d2db71d720 Thread exited: 0x000001d2db71d720
Event: 1316.863 loading class java/lang/ref/Finalizer$2
Event: 1316.864 loading class java/lang/ref/Finalizer$2 done
Event: 1316.864 loading class java/lang/ref/Finalizer$1
Event: 1316.864 loading class java/lang/ref/Finalizer$1 done
Event: 1316.864 Thread 0x000001d2ddc9e020 Thread added: 0x000001d2ddc9e020
Event: 1316.864 Thread 0x000001d2ddc9e020 Thread exited: 0x000001d2ddc9e020
Event: 1316.864 Thread 0x000001d2ddc9e020 Thread added: 0x000001d2ddc9e020
Event: 1316.871 Thread 0x000001d2dc36a6d0 Thread added: 0x000001d2dc36a6d0
Event: 1316.872 Thread 0x000001d2dc36ac20 Thread added: 0x000001d2dc36ac20


Dynamic libraries:
0x00007ff740440000 - 0x00007ff740450000 	C:\Program Files\Java\jdk-17\bin\java.exe
0x00007ffcbc5f0000 - 0x00007ffcbc807000 	C:\Windows\SYSTEM32\ntdll.dll
0x00007ffcbb7b0000 - 0x00007ffcbb874000 	C:\Windows\System32\KERNEL32.DLL
0x00007ffcb9d50000 - 0x00007ffcba120000 	C:\Windows\System32\KERNELBASE.dll
0x00007ffcb9910000 - 0x00007ffcb9a21000 	C:\Windows\System32\ucrtbase.dll
0x00007ffca0080000 - 0x00007ffca0099000 	C:\Program Files\Java\jdk-17\bin\jli.dll
0x00007ffca0060000 - 0x00007ffca007b000 	C:\Program Files\Java\jdk-17\bin\VCRUNTIME140.dll
0x00007ffcbb4c0000 - 0x00007ffcbb571000 	C:\Windows\System32\ADVAPI32.dll
0x00007ffcbb8d0000 - 0x00007ffcbb977000 	C:\Windows\System32\msvcrt.dll
0x00007ffcbb1c0000 - 0x00007ffcbb268000 	C:\Windows\System32\sechost.dll
0x00007ffcb96f0000 - 0x00007ffcb9718000 	C:\Windows\System32\bcrypt.dll
0x00007ffcba280000 - 0x00007ffcba398000 	C:\Windows\System32\RPCRT4.dll
0x00007ffcbb5f0000 - 0x00007ffcbb7a1000 	C:\Windows\System32\USER32.dll
0x00007ffca60b0000 - 0x00007ffca634c000 	C:\Windows\WinSxS\amd64_microsoft.windows.common-controls_6595b64144ccf1df_6.0.22621.5840_none_2710ea077384a4fe\COMCTL32.dll
0x00007ffcba120000 - 0x00007ffcba146000 	C:\Windows\System32\win32u.dll
0x00007ffcbb880000 - 0x00007ffcbb8a9000 	C:\Windows\System32\GDI32.dll
0x00007ffcba150000 - 0x00007ffcba273000 	C:\Windows\System32\gdi32full.dll
0x00007ffcb9af0000 - 0x00007ffcb9b8a000 	C:\Windows\System32\msvcp_win.dll
0x00007ffcafbb0000 - 0x00007ffcafbba000 	C:\Windows\SYSTEM32\VERSION.dll
0x00007ffcba4b0000 - 0x00007ffcba4e1000 	C:\Windows\System32\IMM32.DLL
0x00007ffca03f0000 - 0x00007ffca03fc000 	C:\Program Files\Java\jdk-17\bin\vcruntime140_1.dll
0x00007ffc7f3b0000 - 0x00007ffc7f43e000 	C:\Program Files\Java\jdk-17\bin\msvcp140.dll
0x00007ffc1c540000 - 0x00007ffc1d11f000 	C:\Program Files\Java\jdk-17\bin\server\jvm.dll
0x00007ffcbbe60000 - 0x00007ffcbbe68000 	C:\Windows\System32\PSAPI.DLL
0x00007ffcb5370000 - 0x00007ffcb53a4000 	C:\Windows\SYSTEM32\WINMM.dll
0x00007ffca2060000 - 0x00007ffca2069000 	C:\Windows\SYSTEM32\WSOCK32.dll
0x00007ffcbbf70000 - 0x00007ffcbbfe1000 	C:\Windows\System32\WS2_32.dll
0x00007ffcb8680000 - 0x00007ffcb8698000 	C:\Windows\SYSTEM32\kernel.appcore.dll
0x00007ffca0120000 - 0x00007ffca012a000 	C:\Program Files\Java\jdk-17\bin\jimage.dll
0x00007ffcb7120000 - 0x00007ffcb7353000 	C:\Windows\SYSTEM32\DBGHELP.DLL
0x00007ffcba4f0000 - 0x00007ffcba881000 	C:\Windows\System32\combase.dll
0x00007ffcbbff0000 - 0x00007ffcbc0c8000 	C:\Windows\System32\OLEAUT32.dll
0x00007ffcab560000 - 0x00007ffcab592000 	C:\Windows\SYSTEM32\dbgcore.DLL
0x00007ffcb9b90000 - 0x00007ffcb9c0b000 	C:\Windows\System32\bcryptPrimitives.dll
0x00007ffc9cde0000 - 0x00007ffc9ce05000 	C:\Program Files\Java\jdk-17\bin\java.dll
0x00007ffc776f0000 - 0x00007ffc777c7000 	C:\Program Files\Java\jdk-17\bin\jsvml.dll
0x00007ffcba910000 - 0x00007ffcbb1b1000 	C:\Windows\System32\SHELL32.dll
0x00007ffcb9c10000 - 0x00007ffcb9d4f000 	C:\Windows\System32\wintypes.dll
0x00007ffcb7570000 - 0x00007ffcb7e8a000 	C:\Windows\SYSTEM32\windows.storage.dll
0x00007ffcba3a0000 - 0x00007ffcba4aa000 	C:\Windows\System32\SHCORE.dll
0x00007ffcbb580000 - 0x00007ffcbb5e9000 	C:\Windows\System32\shlwapi.dll
0x00007ffcb9620000 - 0x00007ffcb9645000 	C:\Windows\SYSTEM32\profapi.dll
0x00007ffc98180000 - 0x00007ffc98199000 	C:\Program Files\Java\jdk-17\bin\net.dll
0x00007ffcb5040000 - 0x00007ffcb516c000 	C:\Windows\SYSTEM32\WINHTTP.dll
0x00007ffcb8b40000 - 0x00007ffcb8ba9000 	C:\Windows\system32\mswsock.dll
0x00007ffc98160000 - 0x00007ffc98176000 	C:\Program Files\Java\jdk-17\bin\nio.dll
0x00007ffc95440000 - 0x00007ffc95458000 	C:\Program Files\Java\jdk-17\bin\zip.dll
0x00007ffca0050000 - 0x00007ffca005a000 	C:\Program Files\Java\jdk-17\bin\management.dll
0x00007ffc98060000 - 0x00007ffc9806b000 	C:\Program Files\Java\jdk-17\bin\management_ext.dll
0x00007ffca31d0000 - 0x00007ffca31e7000 	C:\Windows\system32\napinsp.dll
0x00007ffca31b0000 - 0x00007ffca31cb000 	C:\Windows\system32\pnrpnsp.dll
0x00007ffcb81b0000 - 0x00007ffcb82a8000 	C:\Windows\SYSTEM32\DNSAPI.dll
0x00007ffcb8130000 - 0x00007ffcb815d000 	C:\Windows\SYSTEM32\IPHLPAPI.DLL
0x00007ffcbbe00000 - 0x00007ffcbbe09000 	C:\Windows\System32\NSI.dll
0x00007ffca3190000 - 0x00007ffca31a1000 	C:\Windows\System32\winrnr.dll
0x00007ffca3170000 - 0x00007ffca3185000 	C:\Windows\system32\wshbth.dll
0x00007ffca3140000 - 0x00007ffca3161000 	C:\Windows\system32\nlansp_c.dll
0x00007ffcab0e0000 - 0x00007ffcab0ea000 	C:\Windows\System32\rasadhlp.dll
0x00007ffcb3050000 - 0x00007ffcb30d4000 	C:\Windows\System32\fwpuclnt.dll
0x00007ffcb8e90000 - 0x00007ffcb8eab000 	C:\Windows\SYSTEM32\CRYPTSP.dll
0x00007ffcb85e0000 - 0x00007ffcb8617000 	C:\Windows\system32\rsaenh.dll
0x00007ffcb8be0000 - 0x00007ffcb8c08000 	C:\Windows\SYSTEM32\USERENV.dll
0x00007ffcb8e70000 - 0x00007ffcb8e7c000 	C:\Windows\SYSTEM32\CRYPTBASE.dll
0x00007ffcb52a0000 - 0x00007ffcb52b9000 	C:\Windows\SYSTEM32\dhcpcsvc6.DLL
0x00007ffcb4e50000 - 0x00007ffcb4e6f000 	C:\Windows\SYSTEM32\dhcpcsvc.DLL
0x00007ffc95430000 - 0x00007ffc9543e000 	C:\Program Files\Java\jdk-17\bin\sunmscapi.dll
0x00007ffcb97a0000 - 0x00007ffcb9908000 	C:\Windows\System32\CRYPT32.dll
0x00007ffcb8fb0000 - 0x00007ffcb8fdd000 	C:\Windows\SYSTEM32\ncrypt.dll
0x00007ffcb8f70000 - 0x00007ffcb8fa7000 	C:\Windows\SYSTEM32\NTASN1.dll
0x00007ffca6f80000 - 0x00007ffca6f90000 	C:\Program Files\Java\jdk-17\bin\verify.dll
0x00007ffc8e650000 - 0x00007ffc8e658000 	C:\Windows\system32\wshunix.dll

dbghelp: loaded successfully - version: 4.0.5 - missing functions: none
symbol engine: initialized successfully - sym options: 0x614 - pdb path: .;C:\Program Files\Java\jdk-17\bin;C:\Windows\SYSTEM32;C:\Windows\WinSxS\amd64_microsoft.windows.common-controls_6595b64144ccf1df_6.0.22621.5840_none_2710ea077384a4fe;C:\Program Files\Java\jdk-17\bin\server

VM Arguments:
jvm_args: -Dcom.sun.management.jmxremote -Dcom.sun.management.jmxremote.port=51953 -Dcom.sun.management.jmxremote.authenticate=false -Dcom.sun.management.jmxremote.ssl=false -Dspring.jmx.enabled=true -Djava.rmi.server.hostname=localhost -Dspring.application.admin.enabled=true -Dspring.boot.project.name=cambios -XX:+ShowCodeDetailsInExceptionMessages -Dmanagement.endpoints.jmx.exposure.include=* 
java_command: com.binance.web.BinancebackendApplication
java_class_path (initial): D:\Documents\work2.0\BACKEND-BINANCE-RESUMEN\target\classes;C:\Users\Usuario\.m2\repository\org\springframework\boot\spring-boot-starter-actuator\3.4.3\spring-boot-starter-actuator-3.4.3.jar;C:\Users\Usuario\.m2\repository\org\springframework\boot\spring-boot-actuator-autoconfigure\3.4.3\spring-boot-actuator-autoconfigure-3.4.3.jar;C:\Users\Usuario\.m2\repository\org\springframework\boot\spring-boot-actuator\3.4.3\spring-boot-actuator-3.4.3.jar;C:\Users\Usuario\.m2\repository\io\micrometer\micrometer-observation\1.14.4\micrometer-observation-1.14.4.jar;C:\Users\Usuario\.m2\repository\io\micrometer\micrometer-commons\1.14.4\micrometer-commons-1.14.4.jar;C:\Users\Usuario\.m2\repository\io\micrometer\micrometer-jakarta9\1.14.4\micrometer-jakarta9-1.14.4.jar;C:\Users\Usuario\.m2\repository\io\micrometer\micrometer-core\1.14.4\micrometer-core-1.14.4.jar;C:\Users\Usuario\.m2\repository\org\hdrhistogram\HdrHistogram\2.2.2\HdrHistogram-2.2.2.jar;C:\Users\Usuario\.m2\repository\org\latencyutils\LatencyUtils\2.0.3\LatencyUtils-2.0.3.jar;C:\Users\Usuario\.m2\repository\org\springframework\boot\spring-boot-starter\3.4.3\spring-boot-starter-3.4.3.jar;C:\Users\Usuario\.m2\repository\org\springframework\boot\spring-boot\3.4.3\spring-boot-3.4.3.jar;C:\Users\Usuario\.m2\repository\org\springframework\spring-context\6.2.3\spring-context-6.2.3.jar;C:\Users\Usuario\.m2\repository\org\springframework\boot\spring-boot-autoconfigure\3.4.3\spring-boot-autoconfigure-3.4.3.jar;C:\Users\Usuario\.m2\repository\org\springframework\boot\spring-boot-starter-logging\3.4.3\spring-boot-starter-logging-3.4.3.jar;C:\Users\Usuario\.m2\repository\ch\qos\logback\logback-classic\1.5.16\logback-classic-1.5.16.jar;C:\Users\Usuario\.m2\repository\ch\qos\logback\logback-core\1.5.16\logback-core-1.5.16.jar;C:\Users\Usuario\.m2\repository\org\apache\logging\log4j\log4j-to-slf4j\2.24.3\log4j-to-slf4j-2.24.3.jar;C:\Users\Usuario\.m2\repository\org\apache\logging\log4j\log4j-api\2.24.3
Launcher Type: SUN_STANDARD

[Global flags]
     intx CICompilerCount                          = 4                                         {product} {ergonomic}
     uint ConcGCThreads                            = 3                                         {product} {ergonomic}
     uint G1ConcRefinementThreads                  = 10                                        {product} {ergonomic}
   size_t G1HeapRegionSize                         = 2097152                                   {product} {ergonomic}
    uintx GCDrainStackTargetSize                   = 64                                        {product} {ergonomic}
   size_t InitialHeapSize                          = 260046848                                 {product} {ergonomic}
     bool ManagementServer                         = true                                      {product} {command line}
   size_t MarkStackSize                            = 4194304                                   {product} {ergonomic}
   size_t MaxHeapSize                              = 4135583744                                {product} {ergonomic}
   size_t MaxNewSize                               = 2480930816                                {product} {ergonomic}
   size_t MinHeapDeltaBytes                        = 2097152                                   {product} {ergonomic}
   size_t MinHeapSize                              = 8388608                                   {product} {ergonomic}
    uintx NonNMethodCodeHeapSize                   = 5839372                                {pd product} {ergonomic}
    uintx NonProfiledCodeHeapSize                  = 122909434                              {pd product} {ergonomic}
    uintx ProfiledCodeHeapSize                     = 122909434                              {pd product} {ergonomic}
    uintx ReservedCodeCacheSize                    = 251658240                              {pd product} {ergonomic}
     bool SegmentedCodeCache                       = true                                      {product} {ergonomic}
     bool ShowCodeDetailsInExceptionMessages       = true                                   {manageable} {command line}
   size_t SoftMaxHeapSize                          = 4135583744                             {manageable} {ergonomic}
     bool UseCompressedClassPointers               = true                           {product lp64_product} {ergonomic}
     bool UseCompressedOops                        = true                           {product lp64_product} {ergonomic}
     bool UseG1GC                                  = true                                      {product} {ergonomic}
     bool UseLargePagesIndividualAllocation        = false                                  {pd product} {ergonomic}

Logging:
Log output configuration:
 #0: stdout all=warning uptime,level,tags
 #1: stderr all=off uptime,level,tags

Environment Variables:
PATH=C:\Python313\Scripts\;C:\Python313\;C:\Program Files\Seelen\Seelen UI;C:\Program Files\Common Files\Oracle\Java\javapath;C:\Program Files (x86)\Common Files\Oracle\Java\java8path;C:\Program Files (x86)\Common Files\Oracle\Java\javapath;C:\Windows\system32;C:\Windows;C:\Windows\System32\Wbem;C:\Windows\System32\WindowsPowerShell\v1.0\;C:\Windows\System32\OpenSSH\;C:\Program Files\Microsoft VS Code\bin;C:\Program Files\dotnet\;C:\Program Files\PuTTY\;C:\Program Files\Git\cmd;C:\Program Files\nodejs\;C:\ProgramData\chocolatey\bin;C:\Program Files\Docker\Docker\resources\bin;C:\Users\Usuario\AppData\Local\Programs\Python\Python312\Scripts\;C:\Users\Usuario\AppData\Local\Programs\Python\Python312\;C:\Users\Usuario\AppData\Local\Microsoft\WindowsApps;C:\Users\Usuario\AppData\Local\GitHubDesktop\bin;C:\Users\Usuario\AppData\Local\Microsoft\WinGet\Links;C:\Users\Usuario\AppData\Roaming\npm
USERNAME=Usuario
LANG=es_ES.UTF-8
OS=Windows_NT
PROCESSOR_IDENTIFIER=AMD64 Family 25 Model 80 Stepping 0, AuthenticAMD



---------------  S Y S T E M  ---------------

OS:
 Windows 11 , 64 bit Build 22621 (10.0.22621.5415)
OS uptime: 0 days 1:32 hours
Hyper-V role detected

CPU: total 12 (initial active 12) (12 cores per cpu, 2 threads per core) family 25 model 80 stepping 0 microcode 0x0, cx8, cmov, fxsr, ht, mmx, 3dnowpref, sse, sse2, sse3, ssse3, sse4a, sse4.1, sse4.2, popcnt, lzcnt, tsc, tscinvbit, avx, avx2, aes, erms, clmul, bmi1, bmi2, adx, sha, fma, vzeroupper, clflush, clflushopt, hv

Memory: 4k page, system-wide physical 15775M (4111M free)
TotalPageFile size 28102M (AvailPageFile size 12621M)
current process WorkingSet (physical memory assigned to process): 323M, peak: 370M
current process commit charge ("private bytes"): 362M, peak: 412M

vm_info: Java HotSpot(TM) 64-Bit Server VM (17.0.10+11-LTS-240) for windows-amd64 JRE (17.0.10+11-LTS-240), built on Dec 19 2023 21:47:25 by "mach5one" with MS VC++ 17.1 (VS2022)

END.
